2022.11.07 19:16:05 INFO  tracing is disabled for protocol LSP, to enable tracing of incoming and outgoing JSON messages create an empty file at d:\OneDrive\OneDrive - The George Washington University\Course\22Fall\6221\Peoject\CSCI_6221_SCALA\.metals\lsp.trace.json or C:\Users\WeigengLi\AppData\Local\scalameta\metals\cache\lsp.trace.json
2022.11.07 19:16:05 INFO  logging to file D:\OneDrive\OneDrive - The George Washington University\Course\22Fall\6221\Peoject\CSCI_6221_SCALA\.metals\metals.log
2022.11.07 19:16:05 INFO  Started: Metals version 0.11.9 in workspace 'D:\OneDrive\OneDrive - The George Washington University\Course\22Fall\6221\Peoject\CSCI_6221_SCALA' for client Visual Studio Code 1.70.1.
2022.11.07 19:16:07 INFO  time: initialize in 1.16s
2022.11.07 19:16:09 WARN  Build server is not auto-connectable.
2022.11.07 19:16:09 WARN  no build tool detected in workspace 'D:\OneDrive\OneDrive - The George Washington University\Course\22Fall\6221\Peoject\CSCI_6221_SCALA'. The most common cause for this problem is that the editor was opened in the wrong working directory, for example if you use sbt then the workspace directory should contain build.sbt. 
2022.11.07 19:16:09 WARN  no build target for: D:\OneDrive\OneDrive - The George Washington University\Course\22Fall\6221\Peoject\CSCI_6221_SCALA\test.scala
2022.11.07 19:16:13 INFO  no build target found for D:\OneDrive\OneDrive - The George Washington University\Course\22Fall\6221\Peoject\CSCI_6221_SCALA\test.scala. Using presentation compiler with project's scala-library version: 3.2.0
11月 07, 2022 7:16:23 下午 org.eclipse.lsp4j.jsonrpc.services.GenericEndpoint notify
信息: Unsupported notification method: $/setTrace
2022.11.07 19:23:20 INFO  shutting down Metals
2022.11.13 15:20:22 INFO  tracing is disabled for protocol LSP, to enable tracing of incoming and outgoing JSON messages create an empty file at d:\OneDrive\OneDrive - The George Washington University\Course\22Fall\6221\Peoject\CSCI_6221_SCALA\.metals\lsp.trace.json or C:\Users\WeigengLi\AppData\Local\scalameta\metals\cache\lsp.trace.json
2022.11.13 15:20:23 INFO  logging to file D:\OneDrive\OneDrive - The George Washington University\Course\22Fall\6221\Peoject\CSCI_6221_SCALA\.metals\metals.log
2022.11.13 15:20:23 INFO  Started: Metals version 0.11.9 in workspace 'D:\OneDrive\OneDrive - The George Washington University\Course\22Fall\6221\Peoject\CSCI_6221_SCALA' for client Visual Studio Code 1.70.1.
2022.11.13 15:20:26 INFO  time: initialize in 2.56s
2022.11.13 15:20:26 WARN  Build server is not auto-connectable.
2022.11.13 15:20:26 WARN  no build tool detected in workspace 'D:\OneDrive\OneDrive - The George Washington University\Course\22Fall\6221\Peoject\CSCI_6221_SCALA'. The most common cause for this problem is that the editor was opened in the wrong working directory, for example if you use sbt then the workspace directory should contain build.sbt. 
2022.11.13 15:32:47 WARN  no build target for: D:\OneDrive\OneDrive - The George Washington University\Course\22Fall\6221\Peoject\CSCI_6221_SCALA\Hello.scala
2022.11.13 15:32:51 INFO  no build target found for D:\OneDrive\OneDrive - The George Washington University\Course\22Fall\6221\Peoject\CSCI_6221_SCALA\Hello.scala. Using presentation compiler with project's scala-library version: 3.2.0
2022.11.13 15:32:54 INFO  time: code lens generation in 5.29s
2022.11.13 15:41:32 INFO  shutting down Metals
